DeviceDiscover/app/build/outputs/logs/manifest-merger-debug-report.txt
-- Merging decision tree log ---
manifest
ADDED from src/main/AndroidManifest.xml:1:1-31:12
INJECTED from src/main/AndroidManifest.xml:1:1-31:12
INJECTED from src/main/AndroidManifest.xml:1:1-31:12
INJECTED from src/main/AndroidManifest.xml:1:1-31:12
INJECTED from src/main/AndroidManifest.xml:1:1-31:12
INJECTED from src/main/AndroidManifest.xml:1:1-31:12
INJECTED from src/main/AndroidManifest.xml:1:1-31:12
	package
		ADDED from src/main/AndroidManifest.xml:2:5-22
		INJECTED from src/main/AndroidManifest.xml
		INJECTED from src/main/AndroidManifest.xml
	android:versionName
		ADDED from src/main/AndroidManifest.xml:4:5-30
		INJECTED from src/main/AndroidManifest.xml
		INJECTED from src/main/AndroidManifest.xml
	xmlns:android
		ADDED from src/main/AndroidManifest.xml:1:11-69
	android:versionCode
		ADDED from src/main/AndroidManifest.xml:3:5-28
		INJECTED from src/main/AndroidManifest.xml
		INJECTED from src/main/AndroidManifest.xml
uses-permission#android.permission.INTERNET
ADDED from src/main/AndroidManifest.xml:6:5-67
	android:name
		ADDED from src/main/AndroidManifest.xml:6:22-64
uses-permission#android.permission.ACCESS_NETWORK_STATE
ADDED from src/main/AndroidManifest.xml:7:5-79
	android:name
		ADDED from src/main/AndroidManifest.xml:7:22-76
uses-permission#android.permission.ACCESS_WIFI_STATE
ADDED from src/main/AndroidManifest.xml:8:5-76
	android:name
		ADDED from src/main/AndroidManifest.xml:8:22-73
uses-permission#android.permission.CHANGE_WIFI_MULTICAST_STATE
ADDED from src/main/AndroidManifest.xml:9:5-85
	android:name
		ADDED from src/main/AndroidManifest.xml:9:22-83
uses-permission#android.permission.CHANGE_WIFI_STATE
ADDED from src/main/AndroidManifest.xml:10:5-75
	android:name
		ADDED from src/main/AndroidManifest.xml:10:22-73
uses-sdk
ADDED from src/main/AndroidManifest.xml:12:5-14:41
INJECTED from src/main/AndroidManifest.xml:12:5-14:41
INJECTED from src/main/AndroidManifest.xml:12:5-14:41
INJECTED from src/main/AndroidManifest.xml:12:5-14:41
INJECTED from src/main/AndroidManifest.xml:12:5-14:41
	android:targetSdkVersion
		ADDED from src/main/AndroidManifest.xml:14:9-38
		INJECTED from src/main/AndroidManifest.xml
		INJECTED from src/main/AndroidManifest.xml
	android:minSdkVersion
		ADDED from src/main/AndroidManifest.xml:13:9-34
		INJECTED from src/main/AndroidManifest.xml
		INJECTED from src/main/AndroidManifest.xml
application
ADDED from src/main/AndroidManifest.xml:16:5-29:19
	android:label
		ADDED from src/main/AndroidManifest.xml:18:9-41
	android:icon
		ADDED from src/main/AndroidManifest.xml:17:9-45
	android:theme
		ADDED from src/main/AndroidManifest.xml:19:9-40
activity#com.pjr.MainActivity
ADDED from src/main/AndroidManifest.xml:20:8-28:20
	android:label
		ADDED from src/main/AndroidManifest.xml:22:13-56
	android:name
		ADDED from src/main/AndroidManifest.xml:21:13-41
intent-filter#action:name:android.intent.action.MAIN+category:name:android.intent.category.LAUNCHER
ADDED from src/main/AndroidManifest.xml:23:13-27:29
action#android.intent.action.MAIN
ADDED from src/main/AndroidManifest.xml:24:17-69
	android:name
		ADDED from src/main/AndroidManifest.xml:24:25-66
category#android.intent.category.LAUNCHER
ADDED from src/main/AndroidManifest.xml:26:17-77
	android:name
		ADDED from src/main/AndroidManifest.xml:26:27-74